Using pre-set license
Built from '2020.3/staging' branch; Version is '2020.3.4f1 (0abb6314276a) revision 703331'; Using compiler version '192528614'; Build Type 'Release'
OS: 'Windows 10 Home; OS build 19042.928; Version 2009; 64bit' Language: 'en' Physical Memory: 130991 MB
BatchMode: 1, IsHumanControllingUs: 0, StartBugReporterOnCrash: 0, Is64bit: 1, IsPro: 0

 COMMAND LINE ARGUMENTS:
C:\Program Files\Unity\Hub\Editor\2020.3.4f1\Editor\Unity.exe
-adb2
-batchMode
-noUpm
-name
AssetImportWorker0
-projectPath
C:/Users/fidel/Documents/Holberton/0x02-unity-scripting
-logFile
Logs/AssetImportWorker0.log
-srvPort
59951
Successfully changed project path to: C:/Users/fidel/Documents/Holberton/0x02-unity-scripting
C:/Users/fidel/Documents/Holberton/0x02-unity-scripting
Using Asset Import Pipeline V2.
Refreshing native plugins compatible for Editor in 29.14 ms, found 0 plugins.
Preloading 0 native plugins for Editor in 0.00 ms.
Initialize engine version: 2020.3.4f1 (0abb6314276a)
[Subsystems] Discovering subsystems at path C:/Program Files/Unity/Hub/Editor/2020.3.4f1/Editor/Data/Resources/UnitySubsystems
[Subsystems] Discovering subsystems at path C:/Users/fidel/Documents/Holberton/0x02-unity-scripting/Assets
GfxDevice: creating device client; threaded=0
Direct3D:
    Version:  Direct3D 11.0 [level 11.1]
    Renderer: NVIDIA GeForce RTX 2080 SUPER (ID=0x1e81)
    Vendor:   
    VRAM:     8010 MB
    Driver:   27.21.14.6611
Initialize mono
Mono path[0] = 'C:/Program Files/Unity/Hub/Editor/2020.3.4f1/Editor/Data/Managed'
Mono path[1] = 'C:/Program Files/Unity/Hub/Editor/2020.3.4f1/Editor/Data/MonoBleedingEdge/lib/mono/unityjit'
Mono config path = 'C:/Program Files/Unity/Hub/Editor/2020.3.4f1/Editor/Data/MonoBleedingEdge/etc'
Using monoOptions --debugger-agent=transport=dt_socket,embedding=1,server=y,suspend=n,address=127.0.0.1:56080
Begin MonoManager ReloadAssembly
Registering precompiled unity dll's ...
Register platform support module: C:/Program Files/Unity/Hub/Editor/2020.3.4f1/Editor/Data/PlaybackEngines/WebGLSupport/UnityEditor.WebGL.Extensions.dll
Register platform support module: C:/Program Files/Unity/Hub/Editor/2020.3.4f1/Editor/Data/PlaybackEngines/MacStandaloneSupport/UnityEditor.OSXStandalone.Extensions.dll
Register platform support module: C:/Program Files/Unity/Hub/Editor/2020.3.4f1/Editor/Data/PlaybackEngines/WindowsStandaloneSupport/UnityEditor.WindowsStandalone.Extensions.dll
Register platform support module: C:/Program Files/Unity/Hub/Editor/2020.3.4f1/Editor/Data/PlaybackEngines/LinuxStandaloneSupport/UnityEditor.LinuxStandalone.Extensions.dll
Registered in 0.002118 seconds.
Native extension for LinuxStandalone target not found
Native extension for WindowsStandalone target not found
Native extension for OSXStandalone target not found
Native extension for WebGL target not found
Refreshing native plugins compatible for Editor in 28.81 ms, found 0 plugins.
Preloading 0 native plugins for Editor in 0.00 ms.
Mono: successfully reloaded assembly
- Completed reload, in  0.843 seconds
Platform modules already initialized, skipping
Registering precompiled user dll's ...
Registered in 0.001261 seconds.
Begin MonoManager ReloadAssembly
Native extension for LinuxStandalone target not found
Native extension for WindowsStandalone target not found
Native extension for OSXStandalone target not found
Native extension for WebGL target not found
Refreshing native plugins compatible for Editor in 0.32 ms, found 0 plugins.
Preloading 0 native plugins for Editor in 0.00 ms.
Mono: successfully reloaded assembly
- Completed reload, in  0.614 seconds
Platform modules already initialized, skipping
========================================================================
Worker process is ready to serve import requests
Launched and connected shader compiler UnityShaderCompiler.exe after 0.09 seconds
Refreshing native plugins compatible for Editor in 0.35 ms, found 0 plugins.
Preloading 0 native plugins for Editor in 0.00 ms.
Unloading 1413 Unused Serialized files (Serialized files now loaded: 0)
System memory in use before: 64.9 MB.
System memory in use after: 64.9 MB.

Unloading 33 unused Assets to reduce memory usage. Loaded Objects now: 1843.
Total: 1.369600 ms (FindLiveObjects: 0.155100 ms CreateObjectMapping: 0.050000 ms MarkObjects: 1.116400 ms  DeleteObjects: 0.047300 ms)

========================================================================
Received Import Request.
  path: Assets/maze.unity
  artifactKey: Guid(90e0410ef64dca34bab9040a45a08f7b) Importer(815301076,1909f56bfc062723c751e8b465ee728b)
Start importing Assets/maze.unity using Guid(90e0410ef64dca34bab9040a45a08f7b) Importer(815301076,1909f56bfc062723c751e8b465ee728b)  -> (artifact id: '1efc165b250bc7b591db6c62ddf39aae') in 0.008655 seconds
  Import took 0.010448 seconds .

========================================================================
Received Import Request.
  Time since last request: 118.944231 seconds.
  path: Assets/Materials
  artifactKey: Guid(12cb1d450915de04dba9a62ea5e6e8b5) Importer(815301076,1909f56bfc062723c751e8b465ee728b)
Start importing Assets/Materials using Guid(12cb1d450915de04dba9a62ea5e6e8b5) Importer(815301076,1909f56bfc062723c751e8b465ee728b)  -> (artifact id: 'beab3f7abd448b9bb5ae8d4e997bc6d3') in 0.001317 seconds
  Import took 0.003217 seconds .

========================================================================
Received Import Request.
  Time since last request: 0.071743 seconds.
  path: Assets/Materials/floor.mat
  artifactKey: Guid(ce7f835ac461fd34e9317a05125276f0) Importer(815301076,1909f56bfc062723c751e8b465ee728b)
Start importing Assets/Materials/floor.mat using Guid(ce7f835ac461fd34e9317a05125276f0) Importer(815301076,1909f56bfc062723c751e8b465ee728b)  -> (artifact id: '2170cd0986855045a57791d1bc3d30c8') in 0.066096 seconds
  Import took 0.067926 seconds .

========================================================================
Received Import Request.
  Time since last request: 9.424164 seconds.
  path: Assets/Materials/New Flare.flare
  artifactKey: Guid(b6bb472d593a8fd428d97593dadd3ebd) Importer(815301076,1909f56bfc062723c751e8b465ee728b)
Start importing Assets/Materials/New Flare.flare using Guid(b6bb472d593a8fd428d97593dadd3ebd) Importer(815301076,1909f56bfc062723c751e8b465ee728b)  -> (artifact id: '0e38f467319c89829bba6e22f77fbbce') in 0.003479 seconds
  Import took 0.005251 seconds .

========================================================================
Received Import Request.
  Time since last request: 0.007229 seconds.
  path: Assets/Materials/New Flare.flare
  artifactKey: Guid(b6bb472d593a8fd428d97593dadd3ebd) Importer(815301076,1909f56bfc062723c751e8b465ee728b)
Start importing Assets/Materials/New Flare.flare using Guid(b6bb472d593a8fd428d97593dadd3ebd) Importer(815301076,1909f56bfc062723c751e8b465ee728b)  -> (artifact id: '0e38f467319c89829bba6e22f77fbbce') in 0.001474 seconds
  Import took 0.003241 seconds .

========================================================================
Received Import Request.
  Time since last request: 10.009181 seconds.
  path: Assets/Materials/player.mat
  artifactKey: Guid(d8a7825adb0cb594d9bfd54208598bdc) Importer(815301076,1909f56bfc062723c751e8b465ee728b)
Start importing Assets/Materials/player.mat using Guid(d8a7825adb0cb594d9bfd54208598bdc) Importer(815301076,1909f56bfc062723c751e8b465ee728b)  -> (artifact id: '7c4556d3809a8f77d216e51b3cdc4b4f') in 0.005018 seconds
  Import took 0.006869 seconds .

